<?xml version="1.0" encoding="UTF-8"?>
<testng-results skipped="0" failed="0" ignored="0" total="1" passed="1">
  <reporter-output>
  </reporter-output>
  <suite name="Default suite" duration-ms="16544" started-at="2020-02-24T05:29:50Z" finished-at="2020-02-24T05:30:07Z">
    <groups>
    </groups>
    <test name="Default test" duration-ms="16544" started-at="2020-02-24T05:29:50Z" finished-at="2020-02-24T05:30:07Z">
      <class name="jenkins.LaunchBrowser">
        <test-method status="PASS" signature="launchTest()[pri:0, instance:jenkins.LaunchBrowser@573f2bb1]" name="launchTest" duration-ms="16484" started-at="2020-02-24T10:59:50Z" finished-at="2020-02-24T11:00:07Z">
          <reporter-output>
          </reporter-output>
        </test-method> <!-- launchTest -->
      </class> <!-- jenkins.LaunchBrowser -->
    </test> <!-- Default test -->
  </suite> <!-- Default suite -->
</testng-results>
